

Microchip MPLAB XC8 Assembler V2.30 build 20200825195618 
                                                                                               Thu Oct 22 03:10:04 2020

Microchip MPLAB XC8 C Compiler v2.30 (Free license) build 20200825195618 Og1 
     1                           	processor	16F887
     2                           	pagewidth 120
     3                           	opt	flic
     4                           	psect	idataBANK0,global,class=CODE,delta=2,noexec
     5                           	psect	idataBANK3,global,class=CODE,delta=2,noexec
     6                           	psect	cinit,global,class=CODE,merge=1,delta=2
     7                           	psect	bssCOMMON,global,class=COMMON,space=1,delta=1,noexec
     8                           	psect	dataBANK0,global,class=BANK0,space=1,delta=1,noexec
     9                           	psect	dataBANK3,global,class=BANK3,space=1,delta=1,noexec
    10                           	psect	inittext,global,class=CODE,delta=2
    11                           	psect	cstackCOMMON,global,class=COMMON,space=1,delta=1,noexec
    12                           	psect	maintext,global,class=CODE,split=1,delta=2
    13                           	psect	config,global,abs,ovrld,class=CONFIG,space=4,delta=2,noexec
    14                           	dabs	1,0x7E,2
    15  0000                     
    16                           ; Version 2.20
    17                           ; Generated 12/02/2020 GMT
    18                           ; 
    19                           ; Copyright © 2020, Microchip Technology Inc. and its subsidiaries ("Microchip")
    20                           ; All rights reserved.
    21                           ; 
    22                           ; This software is developed by Microchip Technology Inc. and its subsidiaries ("Microch
      +                          ip").
    23                           ; 
    24                           ; Redistribution and use in source and binary forms, with or without modification, are
    25                           ; permitted provided that the following conditions are met:
    26                           ; 
    27                           ;     1. Redistributions of source code must retain the above copyright notice, this lis
      +                          t of
    28                           ;        conditions and the following disclaimer.
    29                           ; 
    30                           ;     2. Redistributions in binary form must reproduce the above copyright notice, this 
      +                          list
    31                           ;        of conditions and the following disclaimer in the documentation and/or other
    32                           ;        materials provided with the distribution.
    33                           ; 
    34                           ;     3. Microchip's name may not be used to endorse or promote products derived from th
      +                          is
    35                           ;        software without specific prior written permission.
    36                           ; 
    37                           ; THIS SOFTWARE IS PROVIDED BY MICROCHIP "AS IS" AND ANY EXPRESS OR IMPLIED WARRANTIES,
    38                           ; INCLUDING, BUT NOT LIMITED TO, THE IMPLIED WARRANTIES OF MERCHANTABILITY AND FITNESS F
      +                          OR
    39                           ; PURPOSE ARE DISCLAIMED.  IN NO EVENT SHALL MICROCHIP BE LIABLE FOR ANY DIRECT, INDIREC
      +                          T,
    40                           ; INCIDENTAL, SPECIAL, EXEMPLARY, OR CONSEQUENTIAL DAMAGES (INCLUDING BUT NOT LIMITED TO
    41                           ; PROCUREMENT OF SUBSTITUTE GOODS OR SERVICES; LOSS OF USE, DATA OR PROFITS; OR BUSINESS
    42                           ; INTERRUPTION) HOWSOEVER CAUSED AND ON ANY THEORY OF LIABILITY, WHETHER IN CONTRACT, ST
      +                          RICT
    43                           ; LIABILITY, OR TORT (INCLUDING NEGLIGENCE OR OTHERWISE) ARISING IN ANY WAY OUT OF THE U
      +                          SE OF
    44                           ; THIS SOFTWARE, EVEN IF ADVISED OF THE POSSIBILITY OF SUCH DAMAGE.
    45                           ; 
    46                           ; 
    47                           ; Code-generator required, PIC16F887 Definitions
    48                           ; 
    49                           ; SFR Addresses
    50  0000                     	;# 
    51  0001                     	;# 
    52  0002                     	;# 
    53  0003                     	;# 
    54  0004                     	;# 
    55  0005                     	;# 
    56  0006                     	;# 
    57  0007                     	;# 
    58  0008                     	;# 
    59  0009                     	;# 
    60  000A                     	;# 
    61  000B                     	;# 
    62  000C                     	;# 
    63  000D                     	;# 
    64  000E                     	;# 
    65  000E                     	;# 
    66  000F                     	;# 
    67  0010                     	;# 
    68  0011                     	;# 
    69  0012                     	;# 
    70  0013                     	;# 
    71  0014                     	;# 
    72  0015                     	;# 
    73  0015                     	;# 
    74  0016                     	;# 
    75  0017                     	;# 
    76  0018                     	;# 
    77  0019                     	;# 
    78  001A                     	;# 
    79  001B                     	;# 
    80  001B                     	;# 
    81  001C                     	;# 
    82  001D                     	;# 
    83  001E                     	;# 
    84  001F                     	;# 
    85  0081                     	;# 
    86  0085                     	;# 
    87  0086                     	;# 
    88  0087                     	;# 
    89  0088                     	;# 
    90  0089                     	;# 
    91  008C                     	;# 
    92  008D                     	;# 
    93  008E                     	;# 
    94  008F                     	;# 
    95  0090                     	;# 
    96  0091                     	;# 
    97  0092                     	;# 
    98  0093                     	;# 
    99  0093                     	;# 
   100  0093                     	;# 
   101  0094                     	;# 
   102  0095                     	;# 
   103  0096                     	;# 
   104  0097                     	;# 
   105  0098                     	;# 
   106  0099                     	;# 
   107  009A                     	;# 
   108  009B                     	;# 
   109  009C                     	;# 
   110  009D                     	;# 
   111  009E                     	;# 
   112  009F                     	;# 
   113  0105                     	;# 
   114  0107                     	;# 
   115  0108                     	;# 
   116  0109                     	;# 
   117  010C                     	;# 
   118  010C                     	;# 
   119  010D                     	;# 
   120  010E                     	;# 
   121  010F                     	;# 
   122  0185                     	;# 
   123  0187                     	;# 
   124  0188                     	;# 
   125  0189                     	;# 
   126  018C                     	;# 
   127  018D                     	;# 
   128  0000                     	;# 
   129  0001                     	;# 
   130  0002                     	;# 
   131  0003                     	;# 
   132  0004                     	;# 
   133  0005                     	;# 
   134  0006                     	;# 
   135  0007                     	;# 
   136  0008                     	;# 
   137  0009                     	;# 
   138  000A                     	;# 
   139  000B                     	;# 
   140  000C                     	;# 
   141  000D                     	;# 
   142  000E                     	;# 
   143  000E                     	;# 
   144  000F                     	;# 
   145  0010                     	;# 
   146  0011                     	;# 
   147  0012                     	;# 
   148  0013                     	;# 
   149  0014                     	;# 
   150  0015                     	;# 
   151  0015                     	;# 
   152  0016                     	;# 
   153  0017                     	;# 
   154  0018                     	;# 
   155  0019                     	;# 
   156  001A                     	;# 
   157  001B                     	;# 
   158  001B                     	;# 
   159  001C                     	;# 
   160  001D                     	;# 
   161  001E                     	;# 
   162  001F                     	;# 
   163  0081                     	;# 
   164  0085                     	;# 
   165  0086                     	;# 
   166  0087                     	;# 
   167  0088                     	;# 
   168  0089                     	;# 
   169  008C                     	;# 
   170  008D                     	;# 
   171  008E                     	;# 
   172  008F                     	;# 
   173  0090                     	;# 
   174  0091                     	;# 
   175  0092                     	;# 
   176  0093                     	;# 
   177  0093                     	;# 
   178  0093                     	;# 
   179  0094                     	;# 
   180  0095                     	;# 
   181  0096                     	;# 
   182  0097                     	;# 
   183  0098                     	;# 
   184  0099                     	;# 
   185  009A                     	;# 
   186  009B                     	;# 
   187  009C                     	;# 
   188  009D                     	;# 
   189  009E                     	;# 
   190  009F                     	;# 
   191  0105                     	;# 
   192  0107                     	;# 
   193  0108                     	;# 
   194  0109                     	;# 
   195  010C                     	;# 
   196  010C                     	;# 
   197  010D                     	;# 
   198  010E                     	;# 
   199  010F                     	;# 
   200  0185                     	;# 
   201  0187                     	;# 
   202  0188                     	;# 
   203  0189                     	;# 
   204  018C                     	;# 
   205  018D                     	;# 
   206                           
   207                           	psect	idataBANK0
   208  0639                     __pidataBANK0:
   209                           
   210                           ;initializer for _x
   211  0639  3446               	retlw	70
   212  063A  3400               	retlw	0
   213  063B  3445               	retlw	69
   214  063C  3400               	retlw	0
   215  063D  3452               	retlw	82
   216  063E  3400               	retlw	0
   217  063F  3444               	retlw	68
   218  0640  3400               	retlw	0
   219  0641  3449               	retlw	73
   220  0642  3400               	retlw	0
   221  0643  344E               	retlw	78
   222  0644  3400               	retlw	0
   223  0645  3441               	retlw	65
   224  0646  3400               	retlw	0
   225  0647  344E               	retlw	78
   226  0648  3400               	retlw	0
   227  0649  340D               	retlw	13
   228  064A  3400               	retlw	0
   229                           
   230                           ;initializer for _x3
   231  064B  3443               	retlw	67
   232  064C  3400               	retlw	0
   233  064D  3441               	retlw	65
   234  064E  3400               	retlw	0
   235  064F  3450               	retlw	80
   236  0650  3400               	retlw	0
   237  0651  344F               	retlw	79
   238  0652  3400               	retlw	0
   239  0653  3452               	retlw	82
   240  0654  3400               	retlw	0
   241  0655  3441               	retlw	65
   242  0656  3400               	retlw	0
   243  0657  344C               	retlw	76
   244  0658  3400               	retlw	0
   245  0659  340D               	retlw	13
   246  065A  3400               	retlw	0
   247                           
   248                           ;initializer for _x1
   249  065B  344A               	retlw	74
   250  065C  3400               	retlw	0
   251  065D  3455               	retlw	85
   252  065E  3400               	retlw	0
   253  065F  3441               	retlw	65
   254  0660  3400               	retlw	0
   255  0661  344E               	retlw	78
   256  0662  3400               	retlw	0
   257  0663  3450               	retlw	80
   258  0664  3400               	retlw	0
   259  0665  3449               	retlw	73
   260  0666  3400               	retlw	0
   261  0667  340D               	retlw	13
   262  0668  3400               	retlw	0
   263                           
   264                           ;initializer for _x2
   265  0669  344C               	retlw	76
   266  066A  3400               	retlw	0
   267  066B  3455               	retlw	85
   268  066C  3400               	retlw	0
   269  066D  3449               	retlw	73
   270  066E  3400               	retlw	0
   271  066F  3453               	retlw	83
   272  0670  3400               	retlw	0
   273  0671  340D               	retlw	13
   274  0672  3400               	retlw	0
   275                           
   276                           ;initializer for _aux
   277  0673  3401               	retlw	1
   278  0674  3400               	retlw	0
   279                           
   280                           	psect	idataBANK3
   281  0675                     __pidataBANK3:
   282                           
   283                           ;initializer for _p
   284  0675  3450               	retlw	80
   285  0676  3400               	retlw	0
   286  0677  3452               	retlw	82
   287  0678  3400               	retlw	0
   288  0679  3445               	retlw	69
   289  067A  3400               	retlw	0
   290  067B  3443               	retlw	67
   291  067C  3400               	retlw	0
   292  067D  3449               	retlw	73
   293  067E  3400               	retlw	0
   294  067F  344F               	retlw	79
   295  0680  3400               	retlw	0
   296  0681  344E               	retlw	78
   297  0682  3400               	retlw	0
   298  0683  3445               	retlw	69
   299  0684  3400               	retlw	0
   300  0685  3420               	retlw	32
   301  0686  3400               	retlw	0
   302  0687  344C               	retlw	76
   303  0688  3400               	retlw	0
   304  0689  3441               	retlw	65
   305  068A  3400               	retlw	0
   306  068B  3420               	retlw	32
   307  068C  3400               	retlw	0
   308  068D  3454               	retlw	84
   309  068E  3400               	retlw	0
   310  068F  3445               	retlw	69
   311  0690  3400               	retlw	0
   312  0691  3443               	retlw	67
   313  0692  3400               	retlw	0
   314  0693  344C               	retlw	76
   315  0694  3400               	retlw	0
   316  0695  3441               	retlw	65
   317  0696  3400               	retlw	0
   318  0697  3420               	retlw	32
   319  0698  3400               	retlw	0
   320  0699  3422               	retlw	34
   321  069A  3400               	retlw	0
   322  069B  3441               	retlw	65
   323  069C  3400               	retlw	0
   324  069D  3422               	retlw	34
   325  069E  3400               	retlw	0
   326  069F  3420               	retlw	32
   327  06A0  3400               	retlw	0
   328  06A1  3450               	retlw	80
   329  06A2  3400               	retlw	0
   330  06A3  3441               	retlw	65
   331  06A4  3400               	retlw	0
   332  06A5  3452               	retlw	82
   333  06A6  3400               	retlw	0
   334  06A7  3441               	retlw	65
   335  06A8  3400               	retlw	0
   336  06A9  3420               	retlw	32
   337  06AA  3400               	retlw	0
   338  06AB  3456               	retlw	86
   339  06AC  3400               	retlw	0
   340  06AD  3445               	retlw	69
   341  06AE  3400               	retlw	0
   342  06AF  3452               	retlw	82
   343  06B0  3400               	retlw	0
   344  06B1  3420               	retlw	32
   345  06B2  3400               	retlw	0
   346  06B3  3449               	retlw	73
   347  06B4  3400               	retlw	0
   348  06B5  344E               	retlw	78
   349  06B6  3400               	retlw	0
   350  06B7  3454               	retlw	84
   351  06B8  3400               	retlw	0
   352  06B9  3445               	retlw	69
   353  06BA  3400               	retlw	0
   354  06BB  3447               	retlw	71
   355  06BC  3400               	retlw	0
   356  06BD  3452               	retlw	82
   357  06BE  3400               	retlw	0
   358  06BF  3441               	retlw	65
   359  06C0  3400               	retlw	0
   360  06C1  344E               	retlw	78
   361  06C2  3400               	retlw	0
   362  06C3  3454               	retlw	84
   363  06C4  3400               	retlw	0
   364  06C5  3445               	retlw	69
   365  06C6  3400               	retlw	0
   366  06C7  3453               	retlw	83
   367  06C8  3400               	retlw	0
   368  06C9  340D               	retlw	13
   369  06CA  3400               	retlw	0
   370  06CB  340D               	retlw	13
   371  06CC  3400               	retlw	0
   372  001A                     _RCREG	set	26
   373  000C                     _PIR1bits	set	12
   374  0019                     _TXREG	set	25
   375  0018                     _RCSTA	set	24
   376  0098                     _TXSTAbits	set	152
   377  0099                     _SPBRG	set	153
   378  0098                     _TXSTA	set	152
   379  0087                     _TRISCbits	set	135
   380                           
   381                           	psect	cinit
   382  07DF                     start_initialization:	
   383                           ; #config settings
   384                           
   385  07DF                     __initialization:
   386                           
   387                           ; Initialize objects allocated to BANK3
   388  07DF  1783               	bsf	3,7	;select IRP bank2
   389  07E0  30E8               	movlw	low (__pdataBANK3+88)
   390  07E1  00FD               	movwf	btemp+-1
   391  07E2  3006               	movlw	high __pidataBANK3
   392  07E3  00FE               	movwf	btemp
   393  07E4  3075               	movlw	low __pidataBANK3
   394  07E5  00FF               	movwf	btemp+1
   395  07E6  3090               	movlw	low __pdataBANK3
   396  07E7  0084               	movwf	4
   397  07E8  120A  118A  262A  120A  118A  	fcall	init_ram0
   398                           
   399                           ; Initialize objects allocated to BANK0
   400  07ED  1383               	bcf	3,7	;select IRP bank0
   401  07EE  305C               	movlw	low (__pdataBANK0+60)
   402  07EF  00FD               	movwf	btemp+-1
   403  07F0  3006               	movlw	high __pidataBANK0
   404  07F1  00FE               	movwf	btemp
   405  07F2  3039               	movlw	low __pidataBANK0
   406  07F3  00FF               	movwf	btemp+1
   407  07F4  3020               	movlw	low __pdataBANK0
   408  07F5  0084               	movwf	4
   409  07F6  120A  118A  262A  120A  118A  	fcall	init_ram0
   410                           
   411                           ; Clear objects allocated to COMMON
   412  07FB  01FC               	clrf	__pbssCOMMON& (0+127)
   413  07FC                     end_of_initialization:	
   414                           ;End of C runtime variable initialization code
   415                           
   416  07FC                     __end_of__initialization:
   417  07FC  0183               	clrf	3
   418  07FD  120A  118A  2ECD   	ljmp	_main	;jump to C main() function
   419                           
   420                           	psect	bssCOMMON
   421  007C                     __pbssCOMMON:
   422  007C                     _entrada:
   423  007C                     	ds	1
   424                           
   425                           	psect	dataBANK0
   426  0020                     __pdataBANK0:
   427  0020                     _x:
   428  0020                     	ds	18
   429  0032                     _x3:
   430  0032                     	ds	16
   431  0042                     _x1:
   432  0042                     	ds	14
   433  0050                     _x2:
   434  0050                     	ds	10
   435  005A                     _aux:
   436  005A                     	ds	2
   437                           
   438                           	psect	dataBANK3
   439  0190                     __pdataBANK3:
   440  0190                     _p:
   441  0190                     	ds	88
   442                           
   443                           	psect	inittext
   444  0626                     init_fetch0:	
   445                           ;	Called with low address in FSR and high address in W
   446                           
   447  0626  087E               	movf	btemp,w
   448  0627  008A               	movwf	10
   449  0628  087F               	movf	btemp+1,w
   450  0629  0082               	movwf	2
   451  062A                     init_ram0:	
   452                           ;Called with:
   453                           ;	high address of idata address in btemp 
   454                           ;	low address of idata address in btemp+1 
   455                           ;	low address of data in FSR
   456                           ;	high address + 1 of data in btemp-1
   457                           
   458  062A  120A  118A  2626  120A  118A  	fcall	init_fetch0
   459  062F  0080               	movwf	0
   460  0630  0A84               	incf	4,f
   461  0631  0804               	movf	4,w
   462  0632  067D               	xorwf	btemp+-1,w
   463  0633  1903               	btfsc	3,2
   464  0634  3400               	retlw	0
   465  0635  0AFF               	incf	btemp+1,f
   466  0636  1903               	btfsc	3,2
   467  0637  0AFE               	incf	btemp,f
   468  0638  2E2A               	goto	init_ram0
   469                           
   470                           	psect	cstackCOMMON
   471  0070                     __pcstackCOMMON:
   472  0070                     ?_main:
   473  0070                     ??_main:	
   474                           ; 1 bytes @ 0x0
   475                           
   476                           
   477                           ; 1 bytes @ 0x0
   478  0070                     	ds	2
   479  0072                     main@i:
   480                           
   481                           ; 2 bytes @ 0x2
   482  0072                     	ds	2
   483  0074                     main@i_146:
   484                           
   485                           ; 2 bytes @ 0x4
   486  0074                     	ds	2
   487  0076                     main@i_147:
   488                           
   489                           ; 2 bytes @ 0x6
   490  0076                     	ds	2
   491  0078                     main@i_148:
   492                           
   493                           ; 2 bytes @ 0x8
   494  0078                     	ds	2
   495  007A                     main@i_149:
   496                           
   497                           ; 2 bytes @ 0xA
   498  007A                     	ds	2
   499                           
   500                           	psect	maintext
   501  06CD                     __pmaintext:	
   502 ;;
   503 ;;Main: autosize = 0, tempsize = 2, incstack = 0, save=0
   504 ;;
   505 ;; *************** function _main *****************
   506 ;; Defined at:
   507 ;;		line 38 in file "newmain.c"
   508 ;; Parameters:    Size  Location     Type
   509 ;;		None
   510 ;; Auto vars:     Size  Location     Type
   511 ;;  i               2   10[COMMON] int 
   512 ;;  i               2    8[COMMON] int 
   513 ;;  i               2    6[COMMON] int 
   514 ;;  i               2    4[COMMON] int 
   515 ;;  i               2    2[COMMON] int 
   516 ;; Return value:  Size  Location     Type
   517 ;;                  1    wreg      void 
   518 ;; Registers used:
   519 ;;		wreg, fsr0l, fsr0h, status,2, status,0, btemp+1
   520 ;; Tracked objects:
   521 ;;		On entry : B00/0
   522 ;;		On exit  : 0/0
   523 ;;		Unchanged: 0/0
   524 ;; Data sizes:     COMMON   BANK0   BANK1   BANK3   BANK2
   525 ;;      Params:         0       0       0       0       0
   526 ;;      Locals:        10       0       0       0       0
   527 ;;      Temps:          2       0       0       0       0
   528 ;;      Totals:        12       0       0       0       0
   529 ;;Total ram usage:       12 bytes
   530 ;; This function calls:
   531 ;;		Nothing
   532 ;; This function is called by:
   533 ;;		Startup code after reset
   534 ;; This function uses a non-reentrant model
   535 ;;
   536                           
   537                           
   538                           ;psect for function _main
   539  06CD                     _main:
   540  06CD                     l744:	
   541                           ;incstack = 0
   542                           ; Regs used in _main: [wreg-fsr0h+status,2+status,0+btemp+1]
   543                           
   544                           
   545                           ;newmain.c: 39:             while(TXSTAbits.TRMT==0);
   546  06CD  1683               	bsf	3,5	;RP0=1, select bank1
   547  06CE  1303               	bcf	3,6	;RP1=0, select bank1
   548  06CF  1787               	bsf	7,7	;volatile
   549                           
   550                           ;newmain.c: 40:             TXREG=x[i];
   551  06D0  1307               	bcf	7,6	;volatile
   552  06D1                     l746:
   553                           
   554                           ;newmain.c: 43:         }
   555  06D1  3026               	movlw	38
   556  06D2  0098               	movwf	24	;volatile
   557                           
   558                           ;newmain.c: 44:             for(int i=0;i<7;i++){
   559  06D3  3090               	movlw	144
   560  06D4  1283               	bcf	3,5	;RP0=0, select bank0
   561  06D5  1303               	bcf	3,6	;RP1=0, select bank0
   562  06D6  0098               	movwf	24	;volatile
   563                           
   564                           ;newmain.c: 47:             _delay((unsigned long)((20)*(8000000/4000.0)));
   565  06D7  3019               	movlw	25
   566  06D8  1683               	bsf	3,5	;RP0=1, select bank1
   567  06D9  1303               	bcf	3,6	;RP1=0, select bank1
   568  06DA  0099               	movwf	25	;volatile
   569  06DB                     l748:
   570                           
   571                           ;newmain.c: 51:             TXREG=x2[i];
   572  06DB  1283               	bcf	3,5	;RP0=0, select bank0
   573  06DC  1303               	bcf	3,6	;RP1=0, select bank0
   574  06DD  035A               	decf	_aux,w
   575  06DE  045B               	iorwf	_aux+1,w
   576  06DF  1D03               	btfss	3,2
   577  06E0  2EE2               	goto	u141
   578  06E1  2EE3               	goto	u140
   579  06E2                     u141:
   580  06E2  2F11               	goto	l764
   581  06E3                     u140:
   582  06E3                     l750:
   583                           
   584                           ;newmain.c: 53:             }
   585  06E3  01F2               	clrf	main@i
   586  06E4  01F3               	clrf	main@i+1
   587  06E5                     l41:
   588  06E5  1683               	bsf	3,5	;RP0=1, select bank1
   589  06E6  1303               	bcf	3,6	;RP1=0, select bank1
   590  06E7  1C98               	btfss	24,1	;volatile
   591  06E8  2EEA               	goto	u151
   592  06E9  2EEB               	goto	u150
   593  06EA                     u151:
   594  06EA  2EE5               	goto	l41
   595  06EB                     u150:
   596  06EB                     l756:
   597                           
   598                           ;newmain.c: 55:             while(TXSTAbits.TRMT==0);
   599  06EB  0872               	movf	main@i,w
   600  06EC  00F0               	movwf	??_main
   601  06ED  0770               	addwf	??_main,w
   602  06EE  3E90               	addlw	(low (_p| (0+256)))& (0+255)
   603  06EF  0084               	movwf	4
   604  06F0  1783               	bsf	3,7	;select IRP bank3
   605  06F1  0800               	movf	0,w
   606  06F2  1283               	bcf	3,5	;RP0=0, select bank0
   607  06F3  1303               	bcf	3,6	;RP1=0, select bank0
   608  06F4  0099               	movwf	25	;volatile
   609  06F5                     l758:
   610                           
   611                           ;newmain.c: 56:             TXREG=x3[i];
   612  06F5  3034               	movlw	52
   613  06F6  00F1               	movwf	??_main+1
   614  06F7  30F1               	movlw	241
   615  06F8  00F0               	movwf	??_main
   616  06F9                     u277:
   617  06F9  0BF0               	decfsz	??_main,f
   618  06FA  2EF9               	goto	u277
   619  06FB  0BF1               	decfsz	??_main+1,f
   620  06FC  2EF9               	goto	u277
   621  06FD  2EFE               	nop2
   622  06FE                     l760:
   623                           
   624                           ;newmain.c: 57:             _delay((unsigned long)((20)*(8000000/4000.0)));
   625  06FE  3001               	movlw	1
   626  06FF  07F2               	addwf	main@i,f
   627  0700  1803               	skipnc
   628  0701  0AF3               	incf	main@i+1,f
   629  0702  3000               	movlw	0
   630  0703  07F3               	addwf	main@i+1,f
   631  0704                     l762:
   632  0704  0873               	movf	main@i+1,w
   633  0705  3A80               	xorlw	128
   634  0706  00FF               	movwf	btemp+1
   635  0707  3080               	movlw	128
   636  0708  027F               	subwf	btemp+1,w
   637  0709  1D03               	skipz
   638  070A  2F0D               	goto	u165
   639  070B  302C               	movlw	44
   640  070C  0272               	subwf	main@i,w
   641  070D                     u165:
   642  070D  1C03               	skipc
   643  070E  2F10               	goto	u161
   644  070F  2F11               	goto	u160
   645  0710                     u161:
   646  0710  2EE5               	goto	l41
   647  0711                     u160:
   648  0711                     l764:
   649                           
   650                           ;newmain.c: 59:              }
   651  0711  1283               	bcf	3,5	;RP0=0, select bank0
   652  0712  1303               	bcf	3,6	;RP1=0, select bank0
   653  0713  01DA               	clrf	_aux
   654  0714  01DB               	clrf	_aux+1
   655  0715                     l766:
   656                           
   657                           ;newmain.c: 60:          }
   658  0715  1E8C               	btfss	12,5	;volatile
   659  0716  2F18               	goto	u171
   660  0717  2F19               	goto	u170
   661  0718                     u171:
   662  0718  2EDB               	goto	l748
   663  0719                     u170:
   664  0719                     l768:
   665                           
   666                           ;newmain.c: 61: 
   667  0719  081A               	movf	26,w	;volatile
   668  071A  00F0               	movwf	??_main
   669  071B  0870               	movf	??_main,w
   670  071C  00FC               	movwf	_entrada
   671  071D                     l770:
   672                           
   673                           ;newmain.c: 62:     }
   674  071D  3061               	movlw	97
   675  071E  067C               	xorwf	_entrada,w
   676  071F  1D03               	btfss	3,2
   677  0720  2F22               	goto	u181
   678  0721  2F23               	goto	u180
   679  0722                     u181:
   680  0722  2EDB               	goto	l748
   681  0723                     u180:
   682  0723                     l772:
   683                           
   684                           ;newmain.c: 64: }
   685  0723  01F4               	clrf	main@i_146
   686  0724  01F5               	clrf	main@i_146+1
   687  0725                     l48:
   688  0725  1683               	bsf	3,5	;RP0=1, select bank1
   689  0726  1303               	bcf	3,6	;RP1=0, select bank1
   690  0727  1C98               	btfss	24,1	;volatile
   691  0728  2F2A               	goto	u191
   692  0729  2F2B               	goto	u190
   693  072A                     u191:
   694  072A  2F25               	goto	l48
   695  072B                     u190:
   696  072B                     l778:
   697  072B  0874               	movf	main@i_146,w
   698  072C  00F0               	movwf	??_main
   699  072D  0770               	addwf	??_main,w
   700  072E  3E20               	addlw	(low (_x| 0))& (0+255)
   701  072F  0084               	movwf	4
   702  0730  1383               	bcf	3,7	;select IRP bank0
   703  0731  0800               	movf	0,w
   704  0732  1283               	bcf	3,5	;RP0=0, select bank0
   705  0733  1303               	bcf	3,6	;RP1=0, select bank0
   706  0734  0099               	movwf	25	;volatile
   707  0735                     l780:
   708  0735  3034               	movlw	52
   709  0736  00F1               	movwf	??_main+1
   710  0737  30F1               	movlw	241
   711  0738  00F0               	movwf	??_main
   712  0739                     u287:
   713  0739  0BF0               	decfsz	??_main,f
   714  073A  2F39               	goto	u287
   715  073B  0BF1               	decfsz	??_main+1,f
   716  073C  2F39               	goto	u287
   717  073D  2F3E               	nop2
   718  073E                     l782:
   719  073E  3001               	movlw	1
   720  073F  07F4               	addwf	main@i_146,f
   721  0740  1803               	skipnc
   722  0741  0AF5               	incf	main@i_146+1,f
   723  0742  3000               	movlw	0
   724  0743  07F5               	addwf	main@i_146+1,f
   725  0744                     l784:
   726  0744  0875               	movf	main@i_146+1,w
   727  0745  3A80               	xorlw	128
   728  0746  00FF               	movwf	btemp+1
   729  0747  3080               	movlw	128
   730  0748  027F               	subwf	btemp+1,w
   731  0749  1D03               	skipz
   732  074A  2F4D               	goto	u205
   733  074B  3009               	movlw	9
   734  074C  0274               	subwf	main@i_146,w
   735  074D                     u205:
   736  074D  1C03               	skipc
   737  074E  2F50               	goto	u201
   738  074F  2F51               	goto	u200
   739  0750                     u201:
   740  0750  2F25               	goto	l48
   741  0751                     u200:
   742  0751                     l786:
   743  0751  01F6               	clrf	main@i_147
   744  0752  01F7               	clrf	main@i_147+1
   745  0753                     l53:
   746  0753  1683               	bsf	3,5	;RP0=1, select bank1
   747  0754  1303               	bcf	3,6	;RP1=0, select bank1
   748  0755  1C98               	btfss	24,1	;volatile
   749  0756  2F58               	goto	u211
   750  0757  2F59               	goto	u210
   751  0758                     u211:
   752  0758  2F53               	goto	l53
   753  0759                     u210:
   754  0759                     l792:
   755  0759  0876               	movf	main@i_147,w
   756  075A  00F0               	movwf	??_main
   757  075B  0770               	addwf	??_main,w
   758  075C  3E42               	addlw	(low (_x1| 0))& (0+255)
   759  075D  0084               	movwf	4
   760  075E  1383               	bcf	3,7	;select IRP bank0
   761  075F  0800               	movf	0,w
   762  0760  1283               	bcf	3,5	;RP0=0, select bank0
   763  0761  1303               	bcf	3,6	;RP1=0, select bank0
   764  0762  0099               	movwf	25	;volatile
   765  0763                     l794:
   766  0763  3034               	movlw	52
   767  0764  00F1               	movwf	??_main+1
   768  0765  30F1               	movlw	241
   769  0766  00F0               	movwf	??_main
   770  0767                     u297:
   771  0767  0BF0               	decfsz	??_main,f
   772  0768  2F67               	goto	u297
   773  0769  0BF1               	decfsz	??_main+1,f
   774  076A  2F67               	goto	u297
   775  076B  2F6C               	nop2
   776  076C                     l796:
   777  076C  3001               	movlw	1
   778  076D  07F6               	addwf	main@i_147,f
   779  076E  1803               	skipnc
   780  076F  0AF7               	incf	main@i_147+1,f
   781  0770  3000               	movlw	0
   782  0771  07F7               	addwf	main@i_147+1,f
   783  0772                     l798:
   784  0772  0877               	movf	main@i_147+1,w
   785  0773  3A80               	xorlw	128
   786  0774  00FF               	movwf	btemp+1
   787  0775  3080               	movlw	128
   788  0776  027F               	subwf	btemp+1,w
   789  0777  1D03               	skipz
   790  0778  2F7B               	goto	u225
   791  0779  3007               	movlw	7
   792  077A  0276               	subwf	main@i_147,w
   793  077B                     u225:
   794  077B  1C03               	skipc
   795  077C  2F7E               	goto	u221
   796  077D  2F7F               	goto	u220
   797  077E                     u221:
   798  077E  2F53               	goto	l53
   799  077F                     u220:
   800  077F                     l800:
   801  077F  01F8               	clrf	main@i_148
   802  0780  01F9               	clrf	main@i_148+1
   803  0781                     l58:
   804  0781  1683               	bsf	3,5	;RP0=1, select bank1
   805  0782  1303               	bcf	3,6	;RP1=0, select bank1
   806  0783  1C98               	btfss	24,1	;volatile
   807  0784  2F86               	goto	u231
   808  0785  2F87               	goto	u230
   809  0786                     u231:
   810  0786  2F81               	goto	l58
   811  0787                     u230:
   812  0787                     l806:
   813  0787  0878               	movf	main@i_148,w
   814  0788  00F0               	movwf	??_main
   815  0789  0770               	addwf	??_main,w
   816  078A  3E50               	addlw	(low (_x2| 0))& (0+255)
   817  078B  0084               	movwf	4
   818  078C  1383               	bcf	3,7	;select IRP bank0
   819  078D  0800               	movf	0,w
   820  078E  1283               	bcf	3,5	;RP0=0, select bank0
   821  078F  1303               	bcf	3,6	;RP1=0, select bank0
   822  0790  0099               	movwf	25	;volatile
   823  0791                     l808:
   824  0791  3034               	movlw	52
   825  0792  00F1               	movwf	??_main+1
   826  0793  30F1               	movlw	241
   827  0794  00F0               	movwf	??_main
   828  0795                     u307:
   829  0795  0BF0               	decfsz	??_main,f
   830  0796  2F95               	goto	u307
   831  0797  0BF1               	decfsz	??_main+1,f
   832  0798  2F95               	goto	u307
   833  0799  2F9A               	nop2
   834  079A                     l810:
   835  079A  3001               	movlw	1
   836  079B  07F8               	addwf	main@i_148,f
   837  079C  1803               	skipnc
   838  079D  0AF9               	incf	main@i_148+1,f
   839  079E  3000               	movlw	0
   840  079F  07F9               	addwf	main@i_148+1,f
   841  07A0                     l812:
   842  07A0  0879               	movf	main@i_148+1,w
   843  07A1  3A80               	xorlw	128
   844  07A2  00FF               	movwf	btemp+1
   845  07A3  3080               	movlw	128
   846  07A4  027F               	subwf	btemp+1,w
   847  07A5  1D03               	skipz
   848  07A6  2FA9               	goto	u245
   849  07A7  3005               	movlw	5
   850  07A8  0278               	subwf	main@i_148,w
   851  07A9                     u245:
   852  07A9  1C03               	skipc
   853  07AA  2FAC               	goto	u241
   854  07AB  2FAD               	goto	u240
   855  07AC                     u241:
   856  07AC  2F81               	goto	l58
   857  07AD                     u240:
   858  07AD                     l814:
   859  07AD  01FA               	clrf	main@i_149
   860  07AE  01FB               	clrf	main@i_149+1
   861  07AF                     l63:
   862  07AF  1683               	bsf	3,5	;RP0=1, select bank1
   863  07B0  1303               	bcf	3,6	;RP1=0, select bank1
   864  07B1  1C98               	btfss	24,1	;volatile
   865  07B2  2FB4               	goto	u251
   866  07B3  2FB5               	goto	u250
   867  07B4                     u251:
   868  07B4  2FAF               	goto	l63
   869  07B5                     u250:
   870  07B5                     l820:
   871  07B5  087A               	movf	main@i_149,w
   872  07B6  00F0               	movwf	??_main
   873  07B7  0770               	addwf	??_main,w
   874  07B8  3E32               	addlw	(low (_x3| 0))& (0+255)
   875  07B9  0084               	movwf	4
   876  07BA  1383               	bcf	3,7	;select IRP bank0
   877  07BB  0800               	movf	0,w
   878  07BC  1283               	bcf	3,5	;RP0=0, select bank0
   879  07BD  1303               	bcf	3,6	;RP1=0, select bank0
   880  07BE  0099               	movwf	25	;volatile
   881  07BF                     l822:
   882  07BF  3034               	movlw	52
   883  07C0  00F1               	movwf	??_main+1
   884  07C1  30F1               	movlw	241
   885  07C2  00F0               	movwf	??_main
   886  07C3                     u317:
   887  07C3  0BF0               	decfsz	??_main,f
   888  07C4  2FC3               	goto	u317
   889  07C5  0BF1               	decfsz	??_main+1,f
   890  07C6  2FC3               	goto	u317
   891  07C7  2FC8               	nop2
   892  07C8                     l824:
   893  07C8  3001               	movlw	1
   894  07C9  07FA               	addwf	main@i_149,f
   895  07CA  1803               	skipnc
   896  07CB  0AFB               	incf	main@i_149+1,f
   897  07CC  3000               	movlw	0
   898  07CD  07FB               	addwf	main@i_149+1,f
   899  07CE                     l826:
   900  07CE  087B               	movf	main@i_149+1,w
   901  07CF  3A80               	xorlw	128
   902  07D0  00FF               	movwf	btemp+1
   903  07D1  3080               	movlw	128
   904  07D2  027F               	subwf	btemp+1,w
   905  07D3  1D03               	skipz
   906  07D4  2FD7               	goto	u265
   907  07D5  3008               	movlw	8
   908  07D6  027A               	subwf	main@i_149,w
   909  07D7                     u265:
   910  07D7  1C03               	skipc
   911  07D8  2FDA               	goto	u261
   912  07D9  2FDB               	goto	u260
   913  07DA                     u261:
   914  07DA  2FAF               	goto	l63
   915  07DB                     u260:
   916  07DB  2EDB               	goto	l748
   917  07DC  120A  118A  2800   	ljmp	start
   918  07DF                     __end_of_main:
   919  007E                     btemp	set	126	;btemp
   920  007E                     wtemp0	set	126
   921                           
   922                           	psect	config
   923                           
   924                           ;Config register CONFIG1 @ 0x2007
   925                           ;	Oscillator Selection bits
   926                           ;	FOSC = INTRC_CLKOUT, INTOSC oscillator: CLKOUT function on RA6/OSC2/CLKOUT pin, I/O fu
      +                          nction on RA7/OSC1/CLKIN
   927                           ;	Watchdog Timer Enable bit
   928                           ;	WDTE = OFF, WDT disabled and can be enabled by SWDTEN bit of the WDTCON register
   929                           ;	Power-up Timer Enable bit
   930                           ;	PWRTE = ON, PWRT enabled
   931                           ;	RE3/MCLR pin function select bit
   932                           ;	MCLRE = ON, RE3/MCLR pin function is MCLR
   933                           ;	Code Protection bit
   934                           ;	CP = OFF, Program memory code protection is disabled
   935                           ;	Data Code Protection bit
   936                           ;	CPD = OFF, Data memory code protection is disabled
   937                           ;	Brown Out Reset Selection bits
   938                           ;	BOREN = ON, BOR enabled
   939                           ;	Internal External Switchover bit
   940                           ;	IESO = ON, Internal/External Switchover mode is enabled
   941                           ;	Fail-Safe Clock Monitor Enabled bit
   942                           ;	FCMEN = ON, Fail-Safe Clock Monitor is enabled
   943                           ;	Low Voltage Programming Enable bit
   944                           ;	LVP = OFF, RB3 pin has digital I/O, HV on MCLR must be used for programming
   945                           ;	In-Circuit Debugger Mode bit
   946                           ;	DEBUG = 0x1, unprogrammed default
   947  2007                     	org	8199
   948  2007  2FE5               	dw	12261
   949                           
   950                           ;Config register CONFIG2 @ 0x2008
   951                           ;	Brown-out Reset Selection bit
   952                           ;	BOR4V = BOR40V, Brown-out Reset set to 4.0V
   953                           ;	Flash Program Memory Self Write Enable bits
   954                           ;	WRT = OFF, Write protection off
   955  2008                     	org	8200
   956  2008  3FFF               	dw	16383

Data Sizes:
    Strings     0
    Constant    0
    Data        148
    BSS         1
    Persistent  0
    Stack       0

Auto Spaces:
    Space          Size  Autos    Used
    COMMON           14     12      13
    BANK0            80      0      60
    BANK1            80      0       0
    BANK3            96      0      88
    BANK2            96      0       0

Pointer List with Targets:

    None.

Critical Paths under _main in COMMON

    None.

Critical Paths under _main in BANK0

    None.

Critical Paths under _main in BANK1

    None.

Critical Paths under _main in BANK3

    None.

Critical Paths under _main in BANK2

    None.

Call Graph Tables:

 ---------------------------------------------------------------------------------
 (Depth) Function   	        Calls       Base Space   Used Autos Params    Refs
 ---------------------------------------------------------------------------------
 (0) _main                                                12    12      0     340
                                              0 COMMON    12    12      0
 ---------------------------------------------------------------------------------
 Estimated maximum stack depth 0
 ---------------------------------------------------------------------------------

 Call Graph Graphs:

 _main (ROOT)

 Address spaces:
Name               Size   Autos  Total    Cost      Usage
BANK3               60      0      58       9       91.7%
BITBANK3            60      0       0       8        0.0%
SFR3                 0      0       0       4        0.0%
BITSFR3              0      0       0       4        0.0%
BANK2               60      0       0      11        0.0%
BITBANK2            60      0       0      10        0.0%
SFR2                 0      0       0       5        0.0%
BITSFR2              0      0       0       5        0.0%
BANK1               50      0       0       7        0.0%
BITBANK1            50      0       0       6        0.0%
SFR1                 0      0       0       2        0.0%
BITSFR1              0      0       0       2        0.0%
BANK0               50      0      3C       5       75.0%
BITBANK0            50      0       0       4        0.0%
SFR0                 0      0       0       1        0.0%
BITSFR0              0      0       0       1        0.0%
COMMON               E      C       D       1       92.9%
BITCOMMON            E      0       0       0        0.0%
CODE                 0      0       0       0        0.0%
DATA                 0      0      A1      12        0.0%
ABS                  0      0      A1       3        0.0%
NULL                 0      0       0       0        0.0%
STACK                0      0       0       2        0.0%
EEDATA             100      0       0       0        0.0%


Microchip Technology PIC Macro Assembler V2.30 build 20200825195618 
Symbol Table                                                                                   Thu Oct 22 03:10:04 2020

                      _p 0190                        _x 0020                        pc 0002  
                     l41 06E5                       l53 0753                       l63 07AF  
                     l48 0725                       l58 0781                       _x1 0042  
                     _x2 0050                       _x3 0032                       fsr 0004  
                    l800 077F                      l810 079A                      l820 07B5  
                    l812 07A0                      l822 07BF                      l814 07AD  
                    l806 0787                      l750 06E3                      l824 07C8  
                    l808 0791                      l760 06FE                      l744 06CD  
                    l826 07CE                      l770 071D                      l762 0704  
                    l746 06D1                      l780 0735                      l772 0723  
                    l756 06EB                      l764 0711                      l748 06DB  
                    l782 073E                      l766 0715                      l758 06F5  
                    l792 0759                      l784 0744                      l768 0719  
                    l794 0763                      l786 0751                      l778 072B  
                    l796 076C                      l798 0772                      u200 0751  
                    u201 0750                      u210 0759                      u211 0758  
                    u220 077F                      u140 06E3                      u221 077E  
                    u205 074D                      u141 06E2                      u230 0787  
                    u150 06EB                      u231 0786                      u151 06EA  
                    u240 07AD                      u160 0711                      u241 07AC  
                    u225 077B                      u161 0710                      u250 07B5  
                    u170 0719                      u251 07B4                      u307 0795  
                    u171 0718                      u260 07DB                      u180 0723  
                    u261 07DA                      u317 07C3                      u245 07A9  
                    u181 0722                      u165 070D                      u190 072B  
                    u191 072A                      u265 07D7                      u277 06F9  
                    u287 0739                      u297 0767                      _aux 005A  
                    fsr0 0004                      indf 0000                     _main 06CD  
                   btemp 007E                     start 0000                    ?_main 0070  
                  _RCREG 001A                    _RCSTA 0018                    _SPBRG 0099  
                  _TXREG 0019                    _TXSTA 0098                    main@i 0072  
                  pclath 000A                    status 0003                    wtemp0 007E  
        __initialization 07DF             __end_of_main 07DF                   ??_main 0070  
__end_of__initialization 07FC           __pcstackCOMMON 0070             __pidataBANK0 0639  
           __pidataBANK3 0675               __pmaintext 06CD                  _entrada 007C  
   end_of_initialization 07FC                _TRISCbits 0087                _TXSTAbits 0098  
    start_initialization 07DF               init_fetch0 0626              __pdataBANK0 0020  
            __pdataBANK3 0190              __pbssCOMMON 007C                ___latbits 0002  
               _PIR1bits 000C                main@i_146 0074                main@i_147 0076  
              main@i_148 0078                main@i_149 007A            __size_of_main 0112  
               init_ram0 062A  
